{"name": "test_products_group", "status": "skipped", "statusDetails": {"message": "XFAIL Wait for fix bug\n\nselenium.common.exceptions.ElementClickInterceptedException: Message: element click intercepted: Element <a href=\"https://testqastudio.me?products_group=sale\" class=\"tab-sale \">...</a> is not clickable at point (742, 707). Other element would receive the click: <div class=\"catalog-toolbar-tabs__content\">...</div>\n  (Session info: chrome=123.0.6312.106)\nStacktrace:\n\tGetHandleVerifier [0x00007FF7A1E17032+63090]\n\t(No symbol) [0x00007FF7A1D82C82]\n\t(No symbol) [0x00007FF7A1C1EC65]\n\t(No symbol) [0x00007FF7A1C6BB34]\n\t(No symbol) [0x00007FF7A1C69954]\n\t(No symbol) [0x00007FF7A1C67164]\n\t(No symbol) [0x00007FF7A1C65EF9]\n\t(No symbol) [0x00007FF7A1C5A708]\n\t(No symbol) [0x00007FF7A1C86FDA]\n\t(No symbol) [0x00007FF7A1C5A00A]\n\t(No symbol) [0x00007FF7A1C871F0]\n\t(No symbol) [0x00007FF7A1CA3412]\n\t(No symbol) [0x00007FF7A1C86D83]\n\t(No symbol) [0x00007FF7A1C583A8]\n\t(No symbol) [0x00007FF7A1C59441]\n\tGetHandleVerifier [0x00007FF7A22125AD+4238317]\n\tGetHandleVerifier [0x00007FF7A224F70D+4488525]\n\tGetHandleVerifier [0x00007FF7A22479EF+4456495]\n\tGetHandleVerifier [0x00007FF7A1EF0576+953270]\n\t(No symbol) [0x00007FF7A1D8E54F]\n\t(No symbol) [0x00007FF7A1D89224]\n\t(No symbol) [0x00007FF7A1D8935B]\n\t(No symbol) [0x00007FF7A1D79B94]\n\tBaseThreadInitThunk [0x00007FF8379F84D4+20]\n\tRtlUserThreadStart [0x00007FF838111791+33]", "trace": "tests\\test_shop.py:48: in test_products_group\n    element.click()\n        browser    = <selenium.webdriver.chrome.webdriver.WebDriver (session=\"13066407621d67df66131bb9745bd74c\")>\n        element    = <selenium.webdriver.remote.webelement.WebElement (session=\"13066407621d67df66131bb9745bd74c\", element=\"f.EE262D7B8F4DAD19D7C8E71A92C930C4.d.A91E1710C7C764BA85B145C5A82860EC.e.207\")>\n        elements   = [<selenium.webdriver.remote.webelement.WebElement (session=\"13066407621d67df66131bb9745bd74c\", element=\"f.EE262D7B8F4D...66407621d67df66131bb9745bd74c\", element=\"f.EE262D7B8F4DAD19D7C8E71A92C930C4.d.A298D7A9F27CBA2E3D9D487E014764B3.e.94\")>]\n        expected_menu = [('Все', '', \"[class='tab-all active']\"), ('Бестселлеры', '/?products_group=best_sellers', \"[class='tab-best_sellers '... '/?products_group=new', \"[class='tab-new ']\"), ('Распродажа товаров', '/?products_group=sale', \"[class='tab-sale ']\")]\n        item       = ('Распродажа товаров', '/?products_group=sale', \"[class='tab-sale ']\")\n        menu_element = \"[class='catalog-toolbar-tabs__content'] a\"\nenv\\Lib\\site-packages\\selenium\\webdriver\\remote\\webelement.py:94: in click\n    self._execute(Command.CLICK_ELEMENT)\n        self       = <selenium.webdriver.remote.webelement.WebElement (session=\"13066407621d67df66131bb9745bd74c\", element=\"f.EE262D7B8F4DAD19D7C8E71A92C930C4.d.A91E1710C7C764BA85B145C5A82860EC.e.207\")>\nenv\\Lib\\site-packages\\selenium\\webdriver\\remote\\webelement.py:395: in _execute\n    return self._parent.execute(command, params)\n        command    = 'clickElement'\n        params     = {'id': 'f.EE262D7B8F4DAD19D7C8E71A92C930C4.d.A91E1710C7C764BA85B145C5A82860EC.e.207'}\n        self       = <selenium.webdriver.remote.webelement.WebElement (session=\"13066407621d67df66131bb9745bd74c\", element=\"f.EE262D7B8F4DAD19D7C8E71A92C930C4.d.A91E1710C7C764BA85B145C5A82860EC.e.207\")>\nenv\\Lib\\site-packages\\selenium\\webdriver\\remote\\webdriver.py:347: in execute\n    self.error_handler.check_response(response)\n        driver_command = 'clickElement'\n        params     = {}\n        response   = {'status': 400, 'value': '{\"value\":{\"error\":\"element click intercepted\",\"message\":\"element click intercepted: Element ...07FF7A1D79B94]\\\\n\\\\tBaseThreadInitThunk [0x00007FF8379F84D4+20]\\\\n\\\\tRtlUserThreadStart [0x00007FF838111791+33]\\\\n\"}}'}\n        self       = <selenium.webdriver.chrome.webdriver.WebDriver (session=\"13066407621d67df66131bb9745bd74c\")>\nenv\\Lib\\site-packages\\selenium\\webdriver\\remote\\errorhandler.py:229: in check_response\n    raise exception_class(message, screen, stacktrace)\nE   selenium.common.exceptions.ElementClickInterceptedException: Message: element click intercepted: Element <a href=\"https://testqastudio.me?products_group=sale\" class=\"tab-sale \">...</a> is not clickable at point (742, 707). Other element would receive the click: <div class=\"catalog-toolbar-tabs__content\">...</div>\nE     (Session info: chrome=123.0.6312.106)\nE   Stacktrace:\nE   \tGetHandleVerifier [0x00007FF7A1E17032+63090]\nE   \t(No symbol) [0x00007FF7A1D82C82]\nE   \t(No symbol) [0x00007FF7A1C1EC65]\nE   \t(No symbol) [0x00007FF7A1C6BB34]\nE   \t(No symbol) [0x00007FF7A1C69954]\nE   \t(No symbol) [0x00007FF7A1C67164]\nE   \t(No symbol) [0x00007FF7A1C65EF9]\nE   \t(No symbol) [0x00007FF7A1C5A708]\nE   \t(No symbol) [0x00007FF7A1C86FDA]\nE   \t(No symbol) [0x00007FF7A1C5A00A]\nE   \t(No symbol) [0x00007FF7A1C871F0]\nE   \t(No symbol) [0x00007FF7A1CA3412]\nE   \t(No symbol) [0x00007FF7A1C86D83]\nE   \t(No symbol) [0x00007FF7A1C583A8]\nE   \t(No symbol) [0x00007FF7A1C59441]\nE   \tGetHandleVerifier [0x00007FF7A22125AD+4238317]\nE   \tGetHandleVerifier [0x00007FF7A224F70D+4488525]\nE   \tGetHandleVerifier [0x00007FF7A22479EF+4456495]\nE   \tGetHandleVerifier [0x00007FF7A1EF0576+953270]\nE   \t(No symbol) [0x00007FF7A1D8E54F]\nE   \t(No symbol) [0x00007FF7A1D89224]\nE   \t(No symbol) [0x00007FF7A1D8935B]\nE   \t(No symbol) [0x00007FF7A1D79B94]\nE   \tBaseThreadInitThunk [0x00007FF8379F84D4+20]\nE   \tRtlUserThreadStart [0x00007FF838111791+33]\n        e          = <selenium.webdriver.remote.errorhandler.ErrorCode object at 0x000001CC0A9A2600>\n        error_code = 'ELEMENT_CLICK_INTERCEPTED'\n        error_codes = ['ELEMENT_CLICK_INTERCEPTED', 'ELEMENT_IS_NOT_SELECTABLE', 'ELEMENT_NOT_INTERACTABLE', 'ELEMENT_NOT_VISIBLE', 'IME_ENGINE_ACTIVATION_FAILED', 'IME_NOT_AVAILABLE', ...]\n        error_info = [64, 'element click intercepted']\n        exception_class = <class 'selenium.common.exceptions.ElementClickInterceptedException'>\n        json       = <module 'json' from 'C:\\\\Users\\\\User\\\\AppData\\\\Local\\\\Programs\\\\Python\\\\Python312\\\\Lib\\\\json\\\\__init__.py'>\n        message    = 'element click intercepted: Element <a href=\"https://testqastudio.me?products_group=sale\" class=\"tab-sale \">...</a> is...would receive the click: <div class=\"catalog-toolbar-tabs__content\">...</div>\\n  (Session info: chrome=123.0.6312.106)'\n        response   = {'status': 400, 'value': '{\"value\":{\"error\":\"element click intercepted\",\"message\":\"element click intercepted: Element ...07FF7A1D79B94]\\\\n\\\\tBaseThreadInitThunk [0x00007FF8379F84D4+20]\\\\n\\\\tRtlUserThreadStart [0x00007FF838111791+33]\\\\n\"}}'}\n        screen     = None\n        self       = <selenium.webdriver.remote.errorhandler.ErrorHandler object at 0x000001CC0A9ED1F0>\n        st_value   = '\\tGetHandleVerifier [0x00007FF7A1E17032+63090]\\n\\t(No symbol) [0x00007FF7A1D82C82]\\n\\t(No symbol) [0x00007FF7A1C1EC65...l) [0x00007FF7A1D79B94]\\n\\tBaseThreadInitThunk [0x00007FF8379F84D4+20]\\n\\tRtlUserThreadStart [0x00007FF838111791+33]\\n'\n        stacktrace = ['\\tGetHandleVerifier [0x00007FF7A1E17032+63090]', '\\t(No symbol) [0x00007FF7A1D82C82]', '\\t(No symbol) [0x00007FF7A1C... '\\t(No symbol) [0x00007FF7A1C6BB34]', '\\t(No symbol) [0x00007FF7A1C69954]', '\\t(No symbol) [0x00007FF7A1C67164]', ...]\n        status     = 'element click intercepted'\n        value      = {'error': 'element click intercepted', 'message': 'element click intercepted: Element <a href=\"https://testqastudio.me...) [0x00007FF7A1D79B94]\\n\\tBaseThreadInitThunk [0x00007FF8379F84D4+20]\\n\\tRtlUserThreadStart [0x00007FF838111791+33]\\n'}\n        value_json = '{\"value\":{\"error\":\"element click intercepted\",\"message\":\"element click intercepted: Element \\\\u003Ca href=\\\\\"https://...007FF7A1D79B94]\\\\n\\\\tBaseThreadInitThunk [0x00007FF8379F84D4+20]\\\\n\\\\tRtlUserThreadStart [0x00007FF838111791+33]\\\\n\"}}'"}, "description": "\n    Test case TC-2\n    ", "start": 1712839743105, "stop": 1712839755235, "uuid": "7776cd9f-402f-4d89-903c-64f22ae5be20", "historyId": "4fdd6adba16e950b161eae73ef4ccb14", "testCaseId": "4fdd6adba16e950b161eae73ef4ccb14", "fullName": "tests.test_shop#test_products_group", "labels": [{"name": "tag", "value": "@pytest.mark.xfail(reason='Wait for fix bug')"}, {"name": "parentSuite", "value": "tests"}, {"name": "suite", "value": "test_shop"}, {"name": "host", "value": "WIN-7P0QJB4A9NK"}, {"name": "thread", "value": "5300-MainThread"}, {"name": "framework", "value": "pytest"}, {"name": "language", "value": "cpython3"}, {"name": "package", "value": "tests.test_shop"}]}